0 info it worked if it ends with ok
1 verbose cli [ 'node', '/usr/local/bin/npm', 'install' ]
2 info using npm@1.4.28
3 info using node@v0.10.32
4 warn package.json DataScienceAtScaleBlog@ Normalized value of bugs field is an empty object. Deleted.
5 verbose readDependencies using package.json deps
6 verbose install where, deps [ '/Users/cvc/GitHub/Blog', [ 'jade', 'html2jade', 'marked' ] ]
7 info preinstall DataScienceAtScaleBlog@
8 verbose readDependencies using package.json deps
9 verbose cache add [ 'jade@', null ]
10 verbose cache add name=undefined spec="jade@" args=["jade@",null]
11 verbose parsed url { protocol: null,
11 verbose parsed url   slashes: null,
11 verbose parsed url   auth: null,
11 verbose parsed url   host: null,
11 verbose parsed url   port: null,
11 verbose parsed url   hostname: null,
11 verbose parsed url   hash: null,
11 verbose parsed url   search: null,
11 verbose parsed url   query: null,
11 verbose parsed url   pathname: 'jade@',
11 verbose parsed url   path: 'jade@',
11 verbose parsed url   href: 'jade@' }
12 verbose cache add [ 'html2jade@', null ]
13 verbose cache add name=undefined spec="html2jade@" args=["html2jade@",null]
14 verbose parsed url { protocol: null,
14 verbose parsed url   slashes: null,
14 verbose parsed url   auth: null,
14 verbose parsed url   host: null,
14 verbose parsed url   port: null,
14 verbose parsed url   hostname: null,
14 verbose parsed url   hash: null,
14 verbose parsed url   search: null,
14 verbose parsed url   query: null,
14 verbose parsed url   pathname: 'html2jade@',
14 verbose parsed url   path: 'html2jade@',
14 verbose parsed url   href: 'html2jade@' }
15 verbose cache add [ 'marked@', null ]
16 verbose cache add name=undefined spec="marked@" args=["marked@",null]
17 verbose parsed url { protocol: null,
17 verbose parsed url   slashes: null,
17 verbose parsed url   auth: null,
17 verbose parsed url   host: null,
17 verbose parsed url   port: null,
17 verbose parsed url   hostname: null,
17 verbose parsed url   hash: null,
17 verbose parsed url   search: null,
17 verbose parsed url   query: null,
17 verbose parsed url   pathname: 'marked@',
17 verbose parsed url   path: 'marked@',
17 verbose parsed url   href: 'marked@' }
18 verbose cache add name="jade" spec="" args=["jade",""]
19 verbose parsed url { protocol: null,
19 verbose parsed url   slashes: null,
19 verbose parsed url   auth: null,
19 verbose parsed url   host: null,
19 verbose parsed url   port: null,
19 verbose parsed url   hostname: null,
19 verbose parsed url   hash: null,
19 verbose parsed url   search: null,
19 verbose parsed url   query: null,
19 verbose parsed url   pathname: null,
19 verbose parsed url   path: null,
19 verbose parsed url   href: '' }
20 verbose addNamed [ 'jade', '' ]
21 verbose addNamed [ null, '*' ]
22 verbose cache add name="html2jade" spec="" args=["html2jade",""]
23 verbose parsed url { protocol: null,
23 verbose parsed url   slashes: null,
23 verbose parsed url   auth: null,
23 verbose parsed url   host: null,
23 verbose parsed url   port: null,
23 verbose parsed url   hostname: null,
23 verbose parsed url   hash: null,
23 verbose parsed url   search: null,
23 verbose parsed url   query: null,
23 verbose parsed url   pathname: null,
23 verbose parsed url   path: null,
23 verbose parsed url   href: '' }
24 verbose addNamed [ 'html2jade', '' ]
25 verbose addNamed [ null, '*' ]
26 verbose cache add name="marked" spec="" args=["marked",""]
27 verbose parsed url { protocol: null,
27 verbose parsed url   slashes: null,
27 verbose parsed url   auth: null,
27 verbose parsed url   host: null,
27 verbose parsed url   port: null,
27 verbose parsed url   hostname: null,
27 verbose parsed url   hash: null,
27 verbose parsed url   search: null,
27 verbose parsed url   query: null,
27 verbose parsed url   pathname: null,
27 verbose parsed url   path: null,
27 verbose parsed url   href: '' }
28 verbose addNamed [ 'marked', '' ]
29 verbose addNamed [ null, '*' ]
30 silly lockFile 51d481b2-jade jade@
31 verbose lock jade@ /Users/cvc/.npm/51d481b2-jade.lock
32 silly lockFile a813af54-html2jade html2jade@
33 verbose lock html2jade@ /Users/cvc/.npm/a813af54-html2jade.lock
34 silly lockFile 855ceee8-marked marked@
35 verbose lock marked@ /Users/cvc/.npm/855ceee8-marked.lock
36 silly addNameRange { name: 'jade', range: '*', hasData: false }
37 silly addNameRange { name: 'html2jade', range: '*', hasData: false }
38 silly addNameRange { name: 'marked', range: '*', hasData: false }
39 verbose request where is /jade
40 verbose request registry https://registry.npmjs.org/
41 verbose request id 2b09022fdce98bcb
42 verbose url raw /jade
43 verbose url resolving [ 'https://registry.npmjs.org/', './jade' ]
44 verbose url resolved https://registry.npmjs.org/jade
45 verbose request where is https://registry.npmjs.org/jade
46 info trying registry request attempt 1 at 07:47:51
47 http GET https://registry.npmjs.org/jade
48 verbose request where is /html2jade
49 verbose request registry https://registry.npmjs.org/
50 verbose url raw /html2jade
51 verbose url resolving [ 'https://registry.npmjs.org/', './html2jade' ]
52 verbose url resolved https://registry.npmjs.org/html2jade
53 verbose request where is https://registry.npmjs.org/html2jade
54 info trying registry request attempt 1 at 07:47:51
55 http GET https://registry.npmjs.org/html2jade
56 verbose request where is /marked
57 verbose request registry https://registry.npmjs.org/
58 verbose url raw /marked
59 verbose url resolving [ 'https://registry.npmjs.org/', './marked' ]
60 verbose url resolved https://registry.npmjs.org/marked
61 verbose request where is https://registry.npmjs.org/marked
62 info trying registry request attempt 1 at 07:47:51
63 http GET https://registry.npmjs.org/marked
64 info retry will retry, error on last attempt: Error: connect ECONNREFUSED
65 info retry will retry, error on last attempt: Error: connect ECONNREFUSED
66 info retry will retry, error on last attempt: Error: connect ECONNREFUSED
67 info trying registry request attempt 2 at 07:48:02
68 http GET https://registry.npmjs.org/marked
69 info trying registry request attempt 2 at 07:48:02
70 http GET https://registry.npmjs.org/html2jade
71 info trying registry request attempt 2 at 07:48:02
72 http GET https://registry.npmjs.org/jade
73 info retry will retry, error on last attempt: Error: connect ECONNREFUSED
74 info retry will retry, error on last attempt: Error: connect ECONNREFUSED
75 info retry will retry, error on last attempt: Error: connect ECONNREFUSED
76 info trying registry request attempt 3 at 07:49:02
77 http GET https://registry.npmjs.org/marked
78 info trying registry request attempt 3 at 07:49:02
79 http GET https://registry.npmjs.org/html2jade
80 info trying registry request attempt 3 at 07:49:02
81 http GET https://registry.npmjs.org/jade
82 silly lockFile 51d481b2-jade jade@
83 silly lockFile 51d481b2-jade jade@
84 silly lockFile 855ceee8-marked marked@
85 silly lockFile 855ceee8-marked marked@
86 silly lockFile a813af54-html2jade html2jade@
87 silly lockFile a813af54-html2jade html2jade@
88 error Error: connect ECONNREFUSED
88 error     at errnoException (net.js:904:11)
88 error     at Object.afterConnect [as oncomplete] (net.js:895:19)
88 error  { [Error: connect ECONNREFUSED]
88 error   code: 'ECONNREFUSED',
88 error   errno: 'ECONNREFUSED',
88 error   syscall: 'connect',
88 error   parent: 'DataScienceAtScaleBlog' }
89 error If you are behind a proxy, please make sure that the
89 error 'proxy' config is set properly.  See: 'npm help config'
90 error System Darwin 13.4.0
91 error command "node" "/usr/local/bin/npm" "install"
92 error cwd /Users/cvc/GitHub/Blog
93 error node -v v0.10.32
94 error npm -v 1.4.28
95 error syscall connect
96 error code ECONNREFUSED
97 error errno ECONNREFUSED
98 error stack Error: connect ECONNREFUSED
98 error stack     at errnoException (net.js:904:11)
98 error stack     at Object.afterConnect [as oncomplete] (net.js:895:19)
99 verbose exit [ 1, true ]
